<?xml version="1.0" encoding="UTF-8"?>
<!-- Generated by org.testng.reporters.JUnitReportReporter -->
<testsuite hostname="WINDOWS-PEBUS7V" name="EncorDashboard.TestScripts.AddDashboard" tests="5" failures="0" timestamp="9 Mar 2019 10:27:42 GMT" time="309.341" errors="0">
  <testcase name="AddDashboard" time="63.516" classname="EncorDashboard.TestScripts.AddDashboard"/>
  <testcase name="AddDashboard" time="65.391" classname="EncorDashboard.TestScripts.AddDashboard"/>
  <testcase name="AddDashboard" time="60.273" classname="EncorDashboard.TestScripts.AddDashboard"/>
  <testcase name="AddDashboard" time="58.911" classname="EncorDashboard.TestScripts.AddDashboard"/>
  <testcase name="AddDashboard" time="61.250" classname="EncorDashboard.TestScripts.AddDashboard"/>
</testsuite> <!-- EncorDashboard.TestScripts.AddDashboard -->
