<?xml version="1.0" encoding="UTF-8"?>
<!-- Generated by org.testng.reporters.JUnitReportReporter -->
<testsuite hostname="WINDOWS-PEBUS7V" name="EncorDashboard.TestScripts.SetResetDashboard" tests="1" failures="0" timestamp="9 Mar 2019 10:27:42 GMT" time="172.352" errors="0">
  <testcase name="SetResetDashboard" time="172.352" classname="EncorDashboard.TestScripts.SetResetDashboard"/>
</testsuite> <!-- EncorDashboard.TestScripts.SetResetDashboard -->
