<?xml version="1.0" encoding="UTF-8"?>
<!-- Generated by org.testng.reporters.JUnitReportReporter -->
<testsuite hostname="WINDOWS-PEBUS7V" name="EncorDashboard.TestScripts.UserAccess" tests="1" failures="0" timestamp="9 Mar 2019 09:34:03 GMT" time="35.287" errors="0">
  <testcase name="UserAccess" time="35.287" classname="EncorDashboard.TestScripts.UserAccess"/>
</testsuite> <!-- EncorDashboard.TestScripts.UserAccess -->
