<?xml version="1.0" encoding="UTF-8"?>
<!-- Generated by org.testng.reporters.JUnitReportReporter -->
<testsuite hostname="WINDOWS-PEBUS7V" name="EncorDashboard.TestScripts.ChangeDashboard" tests="1" failures="0" timestamp="9 Mar 2019 10:27:42 GMT" time="129.528" errors="0">
  <testcase name="ChangeDashboard" time="129.528" classname="EncorDashboard.TestScripts.ChangeDashboard"/>
</testsuite> <!-- EncorDashboard.TestScripts.ChangeDashboard -->
