<?xml version="1.0" encoding="UTF-8"?>
<!-- Generated by org.testng.reporters.JUnitReportReporter -->
<testsuite hostname="DESKTOP-6I31IJP" failures="0" tests="6" name="EncorDashboard.TestScripts.AddDashboard" time="459.562" errors="1" timestamp="6 Mar 2019 12:55:10 GMT">
  <testcase classname="EncorDashboard.TestScripts.AddDashboard" name="AddDashboard" time="66.309"/>
  <testcase classname="EncorDashboard.TestScripts.AddDashboard" name="AddDashboard" time="84.623"/>
  <testcase classname="EncorDashboard.TestScripts.AddDashboard" name="AddDashboard" time="70.995"/>
  <testcase classname="EncorDashboard.TestScripts.AddDashboard" name="AddDashboard" time="74.821">
    <error message="expected [Add/Edit Dashboard] but found [Manage Dashboard]" type="java.lang.AssertionError">
      <![CDATA[java.lang.AssertionError: expected [Add/Edit Dashboard] but found [Manage Dashboard]
	at org.testng.Assert.fail(Assert.java:94)
	at org.testng.Assert.failNotEquals(Assert.java:494)
	at org.testng.Assert.assertEquals(Assert.java:123)
	at org.testng.Assert.assertEquals(Assert.java:176)
	at org.testng.Assert.assertEquals(Assert.java:186)
	at EncorDashboard.TestScripts.AddDashboard.AddDashboard(AddDashboard.java:63)
	at java.base/jdk.internal.reflect.NativeMethodAccessorImpl.invoke0(Native Method)
	at java.base/jdk.internal.reflect.NativeMethodAccessorImpl.invoke(Unknown Source)
	at java.base/jdk.internal.reflect.DelegatingMethodAccessorImpl.invoke(Unknown Source)
	at java.base/java.lang.reflect.Method.invoke(Unknown Source)
	at org.testng.internal.MethodInvocationHelper.invokeMethod(MethodInvocationHelper.java:80)
	at org.testng.internal.Invoker.invokeMethod(Invoker.java:714)
	at org.testng.internal.Invoker.invokeTestMethod(Invoker.java:901)
	at org.testng.internal.Invoker.invokeTestMethods(Invoker.java:1231)
	at org.testng.internal.TestMethodWorker.invokeTestMethods(TestMethodWorker.java:127)
	at org.testng.internal.TestMethodWorker.run(TestMethodWorker.java:111)
	at org.testng.TestRunner.privateRun(TestRunner.java:767)
	at org.testng.TestRunner.run(TestRunner.java:617)
	at org.testng.SuiteRunner.runTest(SuiteRunner.java:334)
	at org.testng.SuiteRunner.runSequentially(SuiteRunner.java:329)
	at org.testng.SuiteRunner.privateRun(SuiteRunner.java:291)
	at org.testng.SuiteRunner.run(SuiteRunner.java:240)
	at org.testng.SuiteRunnerWorker.runSuite(SuiteRunnerWorker.java:52)
	at org.testng.SuiteRunnerWorker.run(SuiteRunnerWorker.java:86)
	at org.testng.TestNG.runSuitesSequentially(TestNG.java:1198)
	at org.testng.TestNG.runSuitesLocally(TestNG.java:1123)
	at org.testng.TestNG.run(TestNG.java:1031)
	at org.testng.remote.AbstractRemoteTestNG.run(AbstractRemoteTestNG.java:114)
	at org.testng.remote.RemoteTestNG.initAndRun(RemoteTestNG.java:251)
	at org.testng.remote.RemoteTestNG.main(RemoteTestNG.java:77)
]]>
    </error>
  </testcase> <!-- AddDashboard -->
  <testcase classname="EncorDashboard.TestScripts.AddDashboard" name="AddDashboard" time="87.443"/>
  <testcase classname="EncorDashboard.TestScripts.AddDashboard" name="AddDashboard" time="75.371"/>
</testsuite> <!-- EncorDashboard.TestScripts.AddDashboard -->
