<?xml version="1.0" encoding="UTF-8"?>
<!-- Generated by org.testng.reporters.JUnitReportReporter -->
<testsuite hostname="WINDOWS-PEBUS7V" name="EncorDashboard.TestScripts.ExportFile" tests="1" failures="0" timestamp="9 Mar 2019 10:27:42 GMT" time="95.342" errors="0">
  <testcase name="ExportDashboard" time="95.342" classname="EncorDashboard.TestScripts.ExportFile"/>
</testsuite> <!-- EncorDashboard.TestScripts.ExportFile -->
