<?xml version="1.0" encoding="UTF-8"?>
<!-- Generated by org.testng.reporters.JUnitReportReporter -->
<testsuite hostname="DESKTOP-6I31IJP" failures="0" tests="1" name="EncorDashboard.TestScripts.UserAdministration" time="41.440" errors="0" timestamp="7 Mar 2019 12:43:19 GMT">
  <testcase classname="EncorDashboard.TestScripts.UserAdministration" name="UserAdministration" time="41.440"/>
</testsuite> <!-- EncorDashboard.TestScripts.UserAdministration -->
