<?xml version="1.0" encoding="UTF-8"?>
<!-- Generated by org.testng.reporters.JUnitReportReporter -->
<testsuite hostname="DESKTOP-6I31IJP" failures="0" tests="1" name="EncorDashboard.TestScripts.UserAccess" time="190.605" errors="0" timestamp="7 Mar 2019 07:57:31 GMT">
  <testcase classname="EncorDashboard.TestScripts.UserAccess" name="UserAccess" time="190.605"/>
</testsuite> <!-- EncorDashboard.TestScripts.UserAccess -->
