<?xml version="1.0" encoding="UTF-8"?>
<!-- Generated by org.testng.reporters.JUnitReportReporter -->
<testsuite hostname="DESKTOP-6I31IJP" failures="0" tests="1" name="EncorDashboard.TestScripts.ScoreCard" time="44.118" errors="0" timestamp="6 Mar 2019 10:48:53 GMT">
  <testcase classname="EncorDashboard.TestScripts.ScoreCard" name="ScoreCardDashboard" time="44.118"/>
</testsuite> <!-- EncorDashboard.TestScripts.ScoreCard -->
