<?xml version="1.0" encoding="UTF-8"?>
<!-- Generated by org.testng.reporters.JUnitReportReporter -->
<testsuite hostname="DESKTOP-6I31IJP" name="EncorDashboard.TestScripts.ChangeDashboard" tests="1" failures="0" timestamp="13 Mar 2019 07:46:25 GMT" time="118.118" errors="0">
  <testcase name="ChangeDashboard" time="118.118" classname="EncorDashboard.TestScripts.ChangeDashboard"/>
</testsuite> <!-- EncorDashboard.TestScripts.ChangeDashboard -->
