<?xml version="1.0" encoding="UTF-8"?>
<!-- Generated by org.testng.reporters.JUnitReportReporter -->
<testsuite hostname="DESKTOP-6I31IJP" failures="0" tests="1" name="EncorDashboard.TestScripts.SaveCurrentView" time="109.755" errors="0" timestamp="6 Mar 2019 12:37:42 GMT">
  <testcase classname="EncorDashboard.TestScripts.SaveCurrentView" name="SaveView" time="109.755"/>
</testsuite> <!-- EncorDashboard.TestScripts.SaveCurrentView -->
