<?xml version="1.0" encoding="UTF-8"?>
<!-- Generated by org.testng.reporters.JUnitReportReporter -->
<testsuite hostname="WINDOWS-PEBUS7V" name="EncorDashboard.TestScripts.SaveCurrentView" tests="1" failures="0" timestamp="9 Mar 2019 09:34:03 GMT" time="109.525" errors="0">
  <testcase name="SaveView" time="109.525" classname="EncorDashboard.TestScripts.SaveCurrentView"/>
</testsuite> <!-- EncorDashboard.TestScripts.SaveCurrentView -->
