<?xml version="1.0" encoding="UTF-8"?>
<!-- Generated by org.testng.reporters.JUnitReportReporter -->
<testsuite hostname="DESKTOP-6I31IJP" name="EncorDashboard.TestScripts.AddDashboard" tests="5" failures="0" timestamp="13 Mar 2019 07:46:25 GMT" time="367.878" errors="0">
  <testcase name="AddDashboard" time="75.169" classname="EncorDashboard.TestScripts.AddDashboard"/>
  <testcase name="AddDashboard" time="73.392" classname="EncorDashboard.TestScripts.AddDashboard"/>
  <testcase name="AddDashboard" time="61.415" classname="EncorDashboard.TestScripts.AddDashboard"/>
  <testcase name="AddDashboard" time="85.034" classname="EncorDashboard.TestScripts.AddDashboard"/>
  <testcase name="AddDashboard" time="72.868" classname="EncorDashboard.TestScripts.AddDashboard"/>
</testsuite> <!-- EncorDashboard.TestScripts.AddDashboard -->
