<?xml version="1.0" encoding="UTF-8"?>
<!-- Generated by org.testng.reporters.JUnitReportReporter -->
<testsuite hostname="WINDOWS-PEBUS7V" name="EncorDashboard.TestScripts.ChangeDashboard" tests="1" failures="0" timestamp="6 Mar 2019 06:07:19 GMT" time="150.689" errors="0">
  <testcase name="ChangeDashboard" time="150.689" classname="EncorDashboard.TestScripts.ChangeDashboard"/>
</testsuite> <!-- EncorDashboard.TestScripts.ChangeDashboard -->
