<?xml version="1.0" encoding="UTF-8"?>
<!-- Generated by org.testng.reporters.JUnitReportReporter -->
<testsuite hostname="DESKTOP-6I31IJP" name="EncorDashboard.TestScripts.UserAdministration" tests="1" failures="0" timestamp="13 Mar 2019 07:46:25 GMT" time="43.261" errors="0">
  <testcase name="UserAdministration" time="43.261" classname="EncorDashboard.TestScripts.UserAdministration"/>
</testsuite> <!-- EncorDashboard.TestScripts.UserAdministration -->
