<?xml version="1.0" encoding="UTF-8"?>
<!-- Generated by org.testng.reporters.JUnitReportReporter -->
<testsuite hostname="WINDOWS-PEBUS7V" name="EncorDashboard.TestScripts.SetResetDashboard" tests="1" failures="0" timestamp="9 Mar 2019 09:34:03 GMT" time="168.079" errors="0">
  <testcase name="SetResetDashboard" time="168.079" classname="EncorDashboard.TestScripts.SetResetDashboard"/>
</testsuite> <!-- EncorDashboard.TestScripts.SetResetDashboard -->
