<?xml version="1.0" encoding="UTF-8"?>
<!-- Generated by org.testng.reporters.JUnitReportReporter -->
<testsuite hostname="DESKTOP-6I31IJP" name="EncorDashboard.TestScripts.SaveCurrentView" tests="1" failures="0" timestamp="13 Mar 2019 07:46:25 GMT" time="119.438" errors="0">
  <testcase name="SaveView" time="119.438" classname="EncorDashboard.TestScripts.SaveCurrentView"/>
</testsuite> <!-- EncorDashboard.TestScripts.SaveCurrentView -->
