<?xml version="1.0" encoding="UTF-8"?>
<!-- Generated by org.testng.reporters.JUnitReportReporter -->
<testsuite hostname="DESKTOP-6I31IJP" name="EncorDashboard.TestScripts.UserAccess" tests="1" failures="0" timestamp="13 Mar 2019 07:46:25 GMT" time="42.575" errors="0">
  <testcase name="UserAccess" time="42.575" classname="EncorDashboard.TestScripts.UserAccess"/>
</testsuite> <!-- EncorDashboard.TestScripts.UserAccess -->
