<?xml version="1.0" encoding="UTF-8"?>
<!-- Generated by org.testng.reporters.JUnitReportReporter -->
<testsuite hostname="DESKTOP-6I31IJP" failures="0" tests="1" name="EncorDashboard.TestScripts.ChangeDashboard" time="154.204" errors="0" timestamp="6 Mar 2019 12:37:42 GMT">
  <testcase classname="EncorDashboard.TestScripts.ChangeDashboard" name="ChangeDashboard" time="154.204"/>
</testsuite> <!-- EncorDashboard.TestScripts.ChangeDashboard -->
