<?xml version="1.0" encoding="UTF-8"?>
<!-- Generated by org.testng.reporters.JUnitReportReporter -->
<testsuite hostname="WINDOWS-PEBUS7V" name="EncorDashboard.TestScripts.UserAdministration" tests="1" failures="0" timestamp="9 Mar 2019 10:27:42 GMT" time="38.242" errors="0">
  <testcase name="UserAdministration" time="38.242" classname="EncorDashboard.TestScripts.UserAdministration"/>
</testsuite> <!-- EncorDashboard.TestScripts.UserAdministration -->
